<?xml version="1.0" encoding="UTF-8"?>
<!-- Generated by org.testng.reporters.JUnitXMLReporter -->
<testsuite hostname="DESKTOP-OSG9M88" ignored="0" name="Test" tests="19" failures="2" timestamp="27 Sep 2017 08:40:14 GMT" time="1730.303" errors="0">
  <testcase name="RegTest6" time="70.062" classname="plexus.reg.RegTest_6"/>
  <testcase name="DrawsandGWP1" time="68.347" classname="plexus.reg.DrawsandGWP_1"/>
  <testcase name="RegTest9" time="39.801" classname="plexus.reg.RegTest_9"/>
  <testcase name="DrawsandGWP2" time="57.275" classname="plexus.reg.DrawsandGWP_2"/>
  <testcase name="DrawsandGWP3" time="39.804" classname="plexus.reg.DrawsandGWP_3"/>
  <testcase name="RegTest8" time="34.096" classname="plexus.reg.RegTest_8"/>
  <testcase name="DrawsandGWP4" time="70.032" classname="plexus.reg.DrawsandGWP_4"/>
  <testcase name="RegTest3" time="66.355" classname="plexus.reg.RegTest_3"/>
  <testcase name="RegTest2" time="42.878" classname="plexus.reg.RegTest_2"/>
  <testcase name="DrawsandGWP5" time="68.585" classname="plexus.reg.DrawsandGWP_5"/>
  <testcase name="RegTest5" time="82.42" classname="plexus.reg.RegTest_5"/>
  <testcase name="RegTest5" time="55.782" classname="plexus.reg.RegTest_5_1"/>
  <testcase name="RegTest14" time="57.116" classname="plexus.reg.RegTest_14"/>
  <testcase name="DrawsandGWP3a" time="48.191" classname="plexus.reg.DrawsandGWP_3a"/>
  <testcase name="RegTest13" time="86.326" classname="plexus.reg.RegTest_13"/>
  <testcase name="RegTest15" time="58.194" classname="plexus.reg.RegTest_15"/>
  <testcase name="RegTest10" time="62.28" classname="plexus.reg.RegTest_10">
    <failure type="org.openqa.selenium.NoSuchElementException" message="no such element: Unable to locate element: {&amp;quot;method&amp;quot;:&amp;quot;xpath&amp;quot;,&amp;quot;selector&amp;quot;:&amp;quot;.//*[@id=&amp;apos;root&amp;apos;]/div/div[2]/div[2]/div/div/div/div[3]/div[6]/button&amp;quot;}
  (Session info: chrome=60.0.3112.113)
  (Driver info: chromedriver=2.24.417431 (9aea000394714d2fbb20850021f6204f2256b9cf),platform=Windows NT 10.0.14393 x86_64) (WARNING: The server did not provide any stacktrace information)
Command duration or timeout: 10.40 seconds
For documentation on this error, please visit: http://seleniumhq.org/exceptions/no_such_element.html
Build info: version: &amp;apos;unknown&amp;apos;, revision: &amp;apos;1969d75&amp;apos;, time: &amp;apos;2016-10-18 09:43:45 -0700&amp;apos;
System info: host: &amp;apos;DESKTOP-OSG9M88&amp;apos;, ip: &amp;apos;192.168.140.5&amp;apos;, os.name: &amp;apos;Windows 10&amp;apos;, os.arch: &amp;apos;amd64&amp;apos;, os.version: &amp;apos;10.0&amp;apos;, java.version: &amp;apos;1.8.0_101&amp;apos;
Driver info: org.openqa.selenium.chrome.ChromeDriver
Capabilities [{applicationCacheEnabled=false, rotatable=false, mobileEmulationEnabled=false, networkConnectionEnabled=false, chrome={chromedriverVersion=2.24.417431 (9aea000394714d2fbb20850021f6204f2256b9cf), userDataDir=C:\Users\Mim\AppData\Local\Temp\scoped_dir7312_9947}, takesHeapSnapshot=true, pageLoadStrategy=normal, databaseEnabled=false, handlesAlerts=true, hasTouchScreen=false, version=60.0.3112.113, platform=XP, browserConnectionEnabled=false, nativeEvents=true, acceptSslCerts=true, locationContextEnabled=true, webStorageEnabled=true, browserName=chrome, takesScreenshot=true, javascriptEnabled=true, cssSelectorsEnabled=true}]
Session ID: b5fcba61ef90863c6ca1f54963b9765f
*** Element info: {Using=xpath, value=.//*[@id=&amp;apos;root&amp;apos;]/div/div[2]/div[2]/div/div/div/div[3]/div[6]/button}">
      <![CDATA[org.openqa.selenium.NoSuchElementException: no such element: Unable to locate element: {"method":"xpath","selector":".//*[@id='root']/div/div[2]/div[2]/div/div/div/div[3]/div[6]/button"}
  (Session info: chrome=60.0.3112.113)
  (Driver info: chromedriver=2.24.417431 (9aea000394714d2fbb20850021f6204f2256b9cf),platform=Windows NT 10.0.14393 x86_64) (WARNING: The server did not provide any stacktrace information)
Command duration or timeout: 10.40 seconds
For documentation on this error, please visit: http://seleniumhq.org/exceptions/no_such_element.html
Build info: version: 'unknown', revision: '1969d75', time: '2016-10-18 09:43:45 -0700'
System info: host: 'DESKTOP-OSG9M88', ip: '192.168.140.5', os.name: 'Windows 10', os.arch: 'amd64', os.version: '10.0', java.version: '1.8.0_101'
Driver info: org.openqa.selenium.chrome.ChromeDriver
Capabilities [{applicationCacheEnabled=false, rotatable=false, mobileEmulationEnabled=false, networkConnectionEnabled=false, chrome={chromedriverVersion=2.24.417431 (9aea000394714d2fbb20850021f6204f2256b9cf), userDataDir=C:\Users\Mim\AppData\Local\Temp\scoped_dir7312_9947}, takesHeapSnapshot=true, pageLoadStrategy=normal, databaseEnabled=false, handlesAlerts=true, hasTouchScreen=false, version=60.0.3112.113, platform=XP, browserConnectionEnabled=false, nativeEvents=true, acceptSslCerts=true, locationContextEnabled=true, webStorageEnabled=true, browserName=chrome, takesScreenshot=true, javascriptEnabled=true, cssSelectorsEnabled=true}]
Session ID: b5fcba61ef90863c6ca1f54963b9765f
*** Element info: {Using=xpath, value=.//*[@id='root']/div/div[2]/div[2]/div/div/div/div[3]/div[6]/button}
	at org.openqa.selenium.remote.ErrorHandler.createThrowable(ErrorHandler.java:216)
	at org.openqa.selenium.remote.ErrorHandler.throwIfResponseFailed(ErrorHandler.java:168)
	at org.openqa.selenium.remote.RemoteWebDriver.execute(RemoteWebDriver.java:635)
	at org.openqa.selenium.remote.RemoteWebDriver.findElement(RemoteWebDriver.java:368)
	at org.openqa.selenium.remote.RemoteWebDriver.findElementByXPath(RemoteWebDriver.java:473)
	at org.openqa.selenium.By$ByXPath.findElement(By.java:361)
	at org.openqa.selenium.remote.RemoteWebDriver.findElement(RemoteWebDriver.java:360)
	at plexus.reg.PlexusSharedFunctions.ClickablebyXpath(PlexusSharedFunctions.java:121)
	at plexus.reg.RegTest_10.PermitsandPrivacy(RegTest_10.java:231)
	at plexus.reg.RegTest_10.RegTest10(RegTest_10.java:22)
... Removed 29 stack frames]]>
    </failure>
  </testcase> <!-- RegTest10 -->
  <testcase name="RegTest12" time="60.752" classname="plexus.reg.RegTest_12"/>
  <testcase name="RegTest11" time="66.386" classname="plexus.reg.RegTest_11">
    <failure type="org.openqa.selenium.NoSuchElementException" message="no such element: Unable to locate element: {&amp;quot;method&amp;quot;:&amp;quot;xpath&amp;quot;,&amp;quot;selector&amp;quot;:&amp;quot;.//*[@id=&amp;apos;root&amp;apos;]/div/div[2]/div[2]/div/div/div/div[3]/div[6]/button&amp;quot;}
  (Session info: chrome=60.0.3112.113)
  (Driver info: chromedriver=2.24.417431 (9aea000394714d2fbb20850021f6204f2256b9cf),platform=Windows NT 10.0.14393 x86_64) (WARNING: The server did not provide any stacktrace information)
Command duration or timeout: 30.09 seconds
For documentation on this error, please visit: http://seleniumhq.org/exceptions/no_such_element.html
Build info: version: &amp;apos;unknown&amp;apos;, revision: &amp;apos;1969d75&amp;apos;, time: &amp;apos;2016-10-18 09:43:45 -0700&amp;apos;
System info: host: &amp;apos;DESKTOP-OSG9M88&amp;apos;, ip: &amp;apos;192.168.140.5&amp;apos;, os.name: &amp;apos;Windows 10&amp;apos;, os.arch: &amp;apos;amd64&amp;apos;, os.version: &amp;apos;10.0&amp;apos;, java.version: &amp;apos;1.8.0_101&amp;apos;
Driver info: org.openqa.selenium.chrome.ChromeDriver
Capabilities [{applicationCacheEnabled=false, rotatable=false, mobileEmulationEnabled=false, networkConnectionEnabled=false, chrome={chromedriverVersion=2.24.417431 (9aea000394714d2fbb20850021f6204f2256b9cf), userDataDir=C:\Users\Mim\AppData\Local\Temp\scoped_dir13768_22830}, takesHeapSnapshot=true, pageLoadStrategy=normal, databaseEnabled=false, handlesAlerts=true, hasTouchScreen=false, version=60.0.3112.113, platform=XP, browserConnectionEnabled=false, nativeEvents=true, acceptSslCerts=true, locationContextEnabled=true, webStorageEnabled=true, browserName=chrome, takesScreenshot=true, javascriptEnabled=true, cssSelectorsEnabled=true}]
Session ID: 0ce32d1e8372e42677fc0f550882325d
*** Element info: {Using=xpath, value=.//*[@id=&amp;apos;root&amp;apos;]/div/div[2]/div[2]/div/div/div/div[3]/div[6]/button}">
      <![CDATA[org.openqa.selenium.NoSuchElementException: no such element: Unable to locate element: {"method":"xpath","selector":".//*[@id='root']/div/div[2]/div[2]/div/div/div/div[3]/div[6]/button"}
  (Session info: chrome=60.0.3112.113)
  (Driver info: chromedriver=2.24.417431 (9aea000394714d2fbb20850021f6204f2256b9cf),platform=Windows NT 10.0.14393 x86_64) (WARNING: The server did not provide any stacktrace information)
Command duration or timeout: 30.09 seconds
For documentation on this error, please visit: http://seleniumhq.org/exceptions/no_such_element.html
Build info: version: 'unknown', revision: '1969d75', time: '2016-10-18 09:43:45 -0700'
System info: host: 'DESKTOP-OSG9M88', ip: '192.168.140.5', os.name: 'Windows 10', os.arch: 'amd64', os.version: '10.0', java.version: '1.8.0_101'
Driver info: org.openqa.selenium.chrome.ChromeDriver
Capabilities [{applicationCacheEnabled=false, rotatable=false, mobileEmulationEnabled=false, networkConnectionEnabled=false, chrome={chromedriverVersion=2.24.417431 (9aea000394714d2fbb20850021f6204f2256b9cf), userDataDir=C:\Users\Mim\AppData\Local\Temp\scoped_dir13768_22830}, takesHeapSnapshot=true, pageLoadStrategy=normal, databaseEnabled=false, handlesAlerts=true, hasTouchScreen=false, version=60.0.3112.113, platform=XP, browserConnectionEnabled=false, nativeEvents=true, acceptSslCerts=true, locationContextEnabled=true, webStorageEnabled=true, browserName=chrome, takesScreenshot=true, javascriptEnabled=true, cssSelectorsEnabled=true}]
Session ID: 0ce32d1e8372e42677fc0f550882325d
*** Element info: {Using=xpath, value=.//*[@id='root']/div/div[2]/div[2]/div/div/div/div[3]/div[6]/button}
	at org.openqa.selenium.remote.ErrorHandler.createThrowable(ErrorHandler.java:216)
	at org.openqa.selenium.remote.ErrorHandler.throwIfResponseFailed(ErrorHandler.java:168)
	at org.openqa.selenium.remote.RemoteWebDriver.execute(RemoteWebDriver.java:635)
	at org.openqa.selenium.remote.RemoteWebDriver.findElement(RemoteWebDriver.java:368)
	at org.openqa.selenium.remote.RemoteWebDriver.findElementByXPath(RemoteWebDriver.java:473)
	at org.openqa.selenium.By$ByXPath.findElement(By.java:361)
	at org.openqa.selenium.remote.RemoteWebDriver.findElement(RemoteWebDriver.java:360)
	at plexus.reg.PlexusSharedFunctions.ClickablebyXpath(PlexusSharedFunctions.java:121)
	at plexus.reg.RegTest_11.PermitsandPrivacy(RegTest_11.java:170)
	at plexus.reg.RegTest_11.RegTest11(RegTest_11.java:22)
... Removed 29 stack frames]]>
    </failure>
  </testcase> <!-- RegTest11 -->
</testsuite> <!-- Test -->
