<html>
<head>
<title>TestNG:  Test</title>
<link href="../testng.css" rel="stylesheet" type="text/css" />
<link href="../my-testng.css" rel="stylesheet" type="text/css" />

<style type="text/css">
.log { display: none;} 
.stack-trace { display: none;} 
</style>
<script type="text/javascript">
<!--
function flip(e) {
  current = e.style.display;
  if (current == 'block') {
    e.style.display = 'none';
    return 0;
  }
  else {
    e.style.display = 'block';
    return 1;
  }
}

function toggleBox(szDivId, elem, msg1, msg2)
{
  var res = -1;  if (document.getElementById) {
    res = flip(document.getElementById(szDivId));
  }
  else if (document.all) {
    // this is the way old msie versions work
    res = flip(document.all[szDivId]);
  }
  if(elem) {
    if(res == 0) elem.innerHTML = msg1; else elem.innerHTML = msg2;
  }

}

function toggleAllBoxes() {
  if (document.getElementsByTagName) {
    d = document.getElementsByTagName('div');
    for (i = 0; i < d.length; i++) {
      if (d[i].className == 'log') {
        flip(d[i]);
      }
    }
  }
}

// -->
</script>

</head>
<body>
<h2 align='center'>Test</h2><table border='1' align="center">
<tr>
<td>Tests passed/Failed/Skipped:</td><td>17/2/0</td>
</tr><tr>
<td>Started on:</td><td>Wed Sep 27 04:11:23 EDT 2017</td>
</tr>
<tr><td>Total time:</td><td>1730 seconds (1730303 ms)</td>
</tr><tr>
<td>Included groups:</td><td></td>
</tr><tr>
<td>Excluded groups:</td><td></td>
</tr>
</table><p/>
<small><i>(Hover the method name to see the test class name)</i></small><p/>
<table width='100%' border='1' class='invocation-failed'>
<tr><td colspan='4' align='center'><b>FAILED TESTS</b></td></tr>
<tr><td><b>Test method</b></td>
<td width="30%"><b>Exception</b></td>
<td width="10%"><b>Time (seconds)</b></td>
<td><b>Instance</b></td>
</tr>
<tr>
<td title='plexus.reg.RegTest_10.RegTest10()'><b>RegTest10</b><br>Test class: plexus.reg.RegTest_10</td>
<td><div><pre>org.openqa.selenium.NoSuchElementException: no such element: Unable to locate element: {&quot;method&quot;:&quot;xpath&quot;,&quot;selector&quot;:&quot;.//*[@id=&apos;root&apos;]/div/div[2]/div[2]/div/div/div/div[3]/div[6]/button&quot;}
  (Session info: chrome=60.0.3112.113)
  (Driver info: chromedriver=2.24.417431 (9aea000394714d2fbb20850021f6204f2256b9cf),platform=Windows NT 10.0.14393 x86_64) (WARNING: The server did not provide any stacktrace information)
Command duration or timeout: 10.40 seconds
For documentation on this error, please visit: http://seleniumhq.org/exceptions/no_such_element.html
Build info: version: &apos;unknown&apos;, revision: &apos;1969d75&apos;, time: &apos;2016-10-18 09:43:45 -0700&apos;
System info: host: &apos;DESKTOP-OSG9M88&apos;, ip: &apos;192.168.140.5&apos;, os.name: &apos;Windows 10&apos;, os.arch: &apos;amd64&apos;, os.version: &apos;10.0&apos;, java.version: &apos;1.8.0_101&apos;
Driver info: org.openqa.selenium.chrome.ChromeDriver
Capabilities [{applicationCacheEnabled=false, rotatable=false, mobileEmulationEnabled=false, networkConnectionEnabled=false, chrome={chromedriverVersion=2.24.417431 (9aea000394714d2fbb20850021f6204f2256b9cf), userDataDir=C:\Users\Mim\AppData\Local\Temp\scoped_dir7312_9947}, takesHeapSnapshot=true, pageLoadStrategy=normal, databaseEnabled=false, handlesAlerts=true, hasTouchScreen=false, version=60.0.3112.113, platform=XP, browserConnectionEnabled=false, nativeEvents=true, acceptSslCerts=true, locationContextEnabled=true, webStorageEnabled=true, browserName=chrome, takesScreenshot=true, javascriptEnabled=true, cssSelectorsEnabled=true}]
Session ID: b5fcba61ef90863c6ca1f54963b9765f
*** Element info: {Using=xpath, value=.//*[@id=&apos;root&apos;]/div/div[2]/div[2]/div/div/div/div[3]/div[6]/button}
	at org.openqa.selenium.remote.ErrorHandler.createThrowable(ErrorHandler.java:216)
	at org.openqa.selenium.remote.ErrorHandler.throwIfResponseFailed(ErrorHandler.java:168)
	at org.openqa.selenium.remote.RemoteWebDriver.execute(RemoteWebDriver.java:635)
	at org.openqa.selenium.remote.RemoteWebDriver.findElement(RemoteWebDriver.java:368)
	at org.openqa.selenium.remote.RemoteWebDriver.findElementByXPath(RemoteWebDriver.java:473)
	at org.openqa.selenium.By$ByXPath.findElement(By.java:361)
	at org.openqa.selenium.remote.RemoteWebDriver.findElement(RemoteWebDriver.java:360)
	at plexus.reg.PlexusSharedFunctions.ClickablebyXpath(PlexusSharedFunctions.java:121)
	at plexus.reg.RegTest_10.PermitsandPrivacy(RegTest_10.java:231)
	at plexus.reg.RegTest_10.RegTest10(RegTest_10.java:22)
... Removed 29 stack frames</pre></div><a href='#' onClick='toggleBox("stack-trace2042120257", this, "Click to show all stack frames", "Click to hide stack frames")'>Click to show all stack frames</a>
<div class='stack-trace' id='stack-trace2042120257'><pre>org.openqa.selenium.NoSuchElementException: no such element: Unable to locate element: {&quot;method&quot;:&quot;xpath&quot;,&quot;selector&quot;:&quot;.//*[@id=&apos;root&apos;]/div/div[2]/div[2]/div/div/div/div[3]/div[6]/button&quot;}
  (Session info: chrome=60.0.3112.113)
  (Driver info: chromedriver=2.24.417431 (9aea000394714d2fbb20850021f6204f2256b9cf),platform=Windows NT 10.0.14393 x86_64) (WARNING: The server did not provide any stacktrace information)
Command duration or timeout: 10.40 seconds
For documentation on this error, please visit: http://seleniumhq.org/exceptions/no_such_element.html
Build info: version: &apos;unknown&apos;, revision: &apos;1969d75&apos;, time: &apos;2016-10-18 09:43:45 -0700&apos;
System info: host: &apos;DESKTOP-OSG9M88&apos;, ip: &apos;192.168.140.5&apos;, os.name: &apos;Windows 10&apos;, os.arch: &apos;amd64&apos;, os.version: &apos;10.0&apos;, java.version: &apos;1.8.0_101&apos;
Driver info: org.openqa.selenium.chrome.ChromeDriver
Capabilities [{applicationCacheEnabled=false, rotatable=false, mobileEmulationEnabled=false, networkConnectionEnabled=false, chrome={chromedriverVersion=2.24.417431 (9aea000394714d2fbb20850021f6204f2256b9cf), userDataDir=C:\Users\Mim\AppData\Local\Temp\scoped_dir7312_9947}, takesHeapSnapshot=true, pageLoadStrategy=normal, databaseEnabled=false, handlesAlerts=true, hasTouchScreen=false, version=60.0.3112.113, platform=XP, browserConnectionEnabled=false, nativeEvents=true, acceptSslCerts=true, locationContextEnabled=true, webStorageEnabled=true, browserName=chrome, takesScreenshot=true, javascriptEnabled=true, cssSelectorsEnabled=true}]
Session ID: b5fcba61ef90863c6ca1f54963b9765f
*** Element info: {Using=xpath, value=.//*[@id=&apos;root&apos;]/div/div[2]/div[2]/div/div/div/div[3]/div[6]/button}
	at sun.reflect.NativeConstructorAccessorImpl.newInstance0(Native Method)
	at sun.reflect.NativeConstructorAccessorImpl.newInstance(Unknown Source)
	at sun.reflect.DelegatingConstructorAccessorImpl.newInstance(Unknown Source)
	at java.lang.reflect.Constructor.newInstance(Unknown Source)
	at org.openqa.selenium.remote.ErrorHandler.createThrowable(ErrorHandler.java:216)
	at org.openqa.selenium.remote.ErrorHandler.throwIfResponseFailed(ErrorHandler.java:168)
	at org.openqa.selenium.remote.RemoteWebDriver.execute(RemoteWebDriver.java:635)
	at org.openqa.selenium.remote.RemoteWebDriver.findElement(RemoteWebDriver.java:368)
	at org.openqa.selenium.remote.RemoteWebDriver.findElementByXPath(RemoteWebDriver.java:473)
	at org.openqa.selenium.By$ByXPath.findElement(By.java:361)
	at org.openqa.selenium.remote.RemoteWebDriver.findElement(RemoteWebDriver.java:360)
	at plexus.reg.PlexusSharedFunctions.ClickablebyXpath(PlexusSharedFunctions.java:121)
	at plexus.reg.RegTest_10.PermitsandPrivacy(RegTest_10.java:231)
	at plexus.reg.RegTest_10.RegTest10(RegTest_10.java:22)
	at sun.reflect.NativeMethodAccessorImpl.invoke0(Native Method)
	at sun.reflect.NativeMethodAccessorImpl.invoke(Unknown Source)
	at sun.reflect.DelegatingMethodAccessorImpl.invoke(Unknown Source)
	at java.lang.reflect.Method.invoke(Unknown Source)
	at org.testng.internal.MethodInvocationHelper.invokeMethod(MethodInvocationHelper.java:108)
	at org.testng.internal.Invoker.invokeMethod(Invoker.java:661)
	at org.testng.internal.Invoker.invokeTestMethod(Invoker.java:869)
	at org.testng.internal.Invoker.invokeTestMethods(Invoker.java:1193)
	at org.testng.internal.TestMethodWorker.invokeTestMethods(TestMethodWorker.java:126)
	at org.testng.internal.TestMethodWorker.run(TestMethodWorker.java:109)
	at org.testng.TestRunner.privateRun(TestRunner.java:744)
	at org.testng.TestRunner.run(TestRunner.java:602)
	at org.testng.SuiteRunner.runTest(SuiteRunner.java:380)
	at org.testng.SuiteRunner.runSequentially(SuiteRunner.java:375)
	at org.testng.SuiteRunner.privateRun(SuiteRunner.java:340)
	at org.testng.SuiteRunner.run(SuiteRunner.java:289)
	at org.testng.SuiteRunnerWorker.runSuite(SuiteRunnerWorker.java:52)
	at org.testng.SuiteRunnerWorker.run(SuiteRunnerWorker.java:86)
	at org.testng.TestNG.runSuitesSequentially(TestNG.java:1301)
	at org.testng.TestNG.runSuitesLocally(TestNG.java:1226)
	at org.testng.TestNG.runSuites(TestNG.java:1144)
	at org.testng.TestNG.run(TestNG.java:1115)
	at org.testng.remote.AbstractRemoteTestNG.run(AbstractRemoteTestNG.java:132)
	at org.testng.remote.RemoteTestNG.initAndRun(RemoteTestNG.java:230)
	at org.testng.remote.RemoteTestNG.main(RemoteTestNG.java:76)
</pre></div></td>
<td>62</td>
<td>plexus.reg.RegTest_10@1794d431</td></tr>
<tr>
<td title='plexus.reg.RegTest_11.RegTest11()'><b>RegTest11</b><br>Test class: plexus.reg.RegTest_11</td>
<td><div><pre>org.openqa.selenium.NoSuchElementException: no such element: Unable to locate element: {&quot;method&quot;:&quot;xpath&quot;,&quot;selector&quot;:&quot;.//*[@id=&apos;root&apos;]/div/div[2]/div[2]/div/div/div/div[3]/div[6]/button&quot;}
  (Session info: chrome=60.0.3112.113)
  (Driver info: chromedriver=2.24.417431 (9aea000394714d2fbb20850021f6204f2256b9cf),platform=Windows NT 10.0.14393 x86_64) (WARNING: The server did not provide any stacktrace information)
Command duration or timeout: 30.09 seconds
For documentation on this error, please visit: http://seleniumhq.org/exceptions/no_such_element.html
Build info: version: &apos;unknown&apos;, revision: &apos;1969d75&apos;, time: &apos;2016-10-18 09:43:45 -0700&apos;
System info: host: &apos;DESKTOP-OSG9M88&apos;, ip: &apos;192.168.140.5&apos;, os.name: &apos;Windows 10&apos;, os.arch: &apos;amd64&apos;, os.version: &apos;10.0&apos;, java.version: &apos;1.8.0_101&apos;
Driver info: org.openqa.selenium.chrome.ChromeDriver
Capabilities [{applicationCacheEnabled=false, rotatable=false, mobileEmulationEnabled=false, networkConnectionEnabled=false, chrome={chromedriverVersion=2.24.417431 (9aea000394714d2fbb20850021f6204f2256b9cf), userDataDir=C:\Users\Mim\AppData\Local\Temp\scoped_dir13768_22830}, takesHeapSnapshot=true, pageLoadStrategy=normal, databaseEnabled=false, handlesAlerts=true, hasTouchScreen=false, version=60.0.3112.113, platform=XP, browserConnectionEnabled=false, nativeEvents=true, acceptSslCerts=true, locationContextEnabled=true, webStorageEnabled=true, browserName=chrome, takesScreenshot=true, javascriptEnabled=true, cssSelectorsEnabled=true}]
Session ID: 0ce32d1e8372e42677fc0f550882325d
*** Element info: {Using=xpath, value=.//*[@id=&apos;root&apos;]/div/div[2]/div[2]/div/div/div/div[3]/div[6]/button}
	at org.openqa.selenium.remote.ErrorHandler.createThrowable(ErrorHandler.java:216)
	at org.openqa.selenium.remote.ErrorHandler.throwIfResponseFailed(ErrorHandler.java:168)
	at org.openqa.selenium.remote.RemoteWebDriver.execute(RemoteWebDriver.java:635)
	at org.openqa.selenium.remote.RemoteWebDriver.findElement(RemoteWebDriver.java:368)
	at org.openqa.selenium.remote.RemoteWebDriver.findElementByXPath(RemoteWebDriver.java:473)
	at org.openqa.selenium.By$ByXPath.findElement(By.java:361)
	at org.openqa.selenium.remote.RemoteWebDriver.findElement(RemoteWebDriver.java:360)
	at plexus.reg.PlexusSharedFunctions.ClickablebyXpath(PlexusSharedFunctions.java:121)
	at plexus.reg.RegTest_11.PermitsandPrivacy(RegTest_11.java:170)
	at plexus.reg.RegTest_11.RegTest11(RegTest_11.java:22)
... Removed 29 stack frames</pre></div><a href='#' onClick='toggleBox("stack-trace487778643", this, "Click to show all stack frames", "Click to hide stack frames")'>Click to show all stack frames</a>
<div class='stack-trace' id='stack-trace487778643'><pre>org.openqa.selenium.NoSuchElementException: no such element: Unable to locate element: {&quot;method&quot;:&quot;xpath&quot;,&quot;selector&quot;:&quot;.//*[@id=&apos;root&apos;]/div/div[2]/div[2]/div/div/div/div[3]/div[6]/button&quot;}
  (Session info: chrome=60.0.3112.113)
  (Driver info: chromedriver=2.24.417431 (9aea000394714d2fbb20850021f6204f2256b9cf),platform=Windows NT 10.0.14393 x86_64) (WARNING: The server did not provide any stacktrace information)
Command duration or timeout: 30.09 seconds
For documentation on this error, please visit: http://seleniumhq.org/exceptions/no_such_element.html
Build info: version: &apos;unknown&apos;, revision: &apos;1969d75&apos;, time: &apos;2016-10-18 09:43:45 -0700&apos;
System info: host: &apos;DESKTOP-OSG9M88&apos;, ip: &apos;192.168.140.5&apos;, os.name: &apos;Windows 10&apos;, os.arch: &apos;amd64&apos;, os.version: &apos;10.0&apos;, java.version: &apos;1.8.0_101&apos;
Driver info: org.openqa.selenium.chrome.ChromeDriver
Capabilities [{applicationCacheEnabled=false, rotatable=false, mobileEmulationEnabled=false, networkConnectionEnabled=false, chrome={chromedriverVersion=2.24.417431 (9aea000394714d2fbb20850021f6204f2256b9cf), userDataDir=C:\Users\Mim\AppData\Local\Temp\scoped_dir13768_22830}, takesHeapSnapshot=true, pageLoadStrategy=normal, databaseEnabled=false, handlesAlerts=true, hasTouchScreen=false, version=60.0.3112.113, platform=XP, browserConnectionEnabled=false, nativeEvents=true, acceptSslCerts=true, locationContextEnabled=true, webStorageEnabled=true, browserName=chrome, takesScreenshot=true, javascriptEnabled=true, cssSelectorsEnabled=true}]
Session ID: 0ce32d1e8372e42677fc0f550882325d
*** Element info: {Using=xpath, value=.//*[@id=&apos;root&apos;]/div/div[2]/div[2]/div/div/div/div[3]/div[6]/button}
	at sun.reflect.NativeConstructorAccessorImpl.newInstance0(Native Method)
	at sun.reflect.NativeConstructorAccessorImpl.newInstance(Unknown Source)
	at sun.reflect.DelegatingConstructorAccessorImpl.newInstance(Unknown Source)
	at java.lang.reflect.Constructor.newInstance(Unknown Source)
	at org.openqa.selenium.remote.ErrorHandler.createThrowable(ErrorHandler.java:216)
	at org.openqa.selenium.remote.ErrorHandler.throwIfResponseFailed(ErrorHandler.java:168)
	at org.openqa.selenium.remote.RemoteWebDriver.execute(RemoteWebDriver.java:635)
	at org.openqa.selenium.remote.RemoteWebDriver.findElement(RemoteWebDriver.java:368)
	at org.openqa.selenium.remote.RemoteWebDriver.findElementByXPath(RemoteWebDriver.java:473)
	at org.openqa.selenium.By$ByXPath.findElement(By.java:361)
	at org.openqa.selenium.remote.RemoteWebDriver.findElement(RemoteWebDriver.java:360)
	at plexus.reg.PlexusSharedFunctions.ClickablebyXpath(PlexusSharedFunctions.java:121)
	at plexus.reg.RegTest_11.PermitsandPrivacy(RegTest_11.java:170)
	at plexus.reg.RegTest_11.RegTest11(RegTest_11.java:22)
	at sun.reflect.NativeMethodAccessorImpl.invoke0(Native Method)
	at sun.reflect.NativeMethodAccessorImpl.invoke(Unknown Source)
	at sun.reflect.DelegatingMethodAccessorImpl.invoke(Unknown Source)
	at java.lang.reflect.Method.invoke(Unknown Source)
	at org.testng.internal.MethodInvocationHelper.invokeMethod(MethodInvocationHelper.java:108)
	at org.testng.internal.Invoker.invokeMethod(Invoker.java:661)
	at org.testng.internal.Invoker.invokeTestMethod(Invoker.java:869)
	at org.testng.internal.Invoker.invokeTestMethods(Invoker.java:1193)
	at org.testng.internal.TestMethodWorker.invokeTestMethods(TestMethodWorker.java:126)
	at org.testng.internal.TestMethodWorker.run(TestMethodWorker.java:109)
	at org.testng.TestRunner.privateRun(TestRunner.java:744)
	at org.testng.TestRunner.run(TestRunner.java:602)
	at org.testng.SuiteRunner.runTest(SuiteRunner.java:380)
	at org.testng.SuiteRunner.runSequentially(SuiteRunner.java:375)
	at org.testng.SuiteRunner.privateRun(SuiteRunner.java:340)
	at org.testng.SuiteRunner.run(SuiteRunner.java:289)
	at org.testng.SuiteRunnerWorker.runSuite(SuiteRunnerWorker.java:52)
	at org.testng.SuiteRunnerWorker.run(SuiteRunnerWorker.java:86)
	at org.testng.TestNG.runSuitesSequentially(TestNG.java:1301)
	at org.testng.TestNG.runSuitesLocally(TestNG.java:1226)
	at org.testng.TestNG.runSuites(TestNG.java:1144)
	at org.testng.TestNG.run(TestNG.java:1115)
	at org.testng.remote.AbstractRemoteTestNG.run(AbstractRemoteTestNG.java:132)
	at org.testng.remote.RemoteTestNG.initAndRun(RemoteTestNG.java:230)
	at org.testng.remote.RemoteTestNG.main(RemoteTestNG.java:76)
</pre></div></td>
<td>66</td>
<td>plexus.reg.RegTest_11@57baeedf</td></tr>
</table><p>
<table width='100%' border='1' class='invocation-passed'>
<tr><td colspan='4' align='center'><b>PASSED TESTS</b></td></tr>
<tr><td><b>Test method</b></td>
<td width="30%"><b>Exception</b></td>
<td width="10%"><b>Time (seconds)</b></td>
<td><b>Instance</b></td>
</tr>
<tr>
<td title='plexus.reg.DrawsandGWP_1.DrawsandGWP1()'><b>DrawsandGWP1</b><br>Test class: plexus.reg.DrawsandGWP_1</td>
<td></td>
<td>68</td>
<td>plexus.reg.DrawsandGWP_1@1bce4f0a</td></tr>
<tr>
<td title='plexus.reg.DrawsandGWP_2.DrawsandGWP2()'><b>DrawsandGWP2</b><br>Test class: plexus.reg.DrawsandGWP_2</td>
<td></td>
<td>57</td>
<td>plexus.reg.DrawsandGWP_2@5c3bd550</td></tr>
<tr>
<td title='plexus.reg.DrawsandGWP_3.DrawsandGWP3()'><b>DrawsandGWP3</b><br>Test class: plexus.reg.DrawsandGWP_3</td>
<td></td>
<td>39</td>
<td>plexus.reg.DrawsandGWP_3@91161c7</td></tr>
<tr>
<td title='plexus.reg.DrawsandGWP_3a.DrawsandGWP3a()'><b>DrawsandGWP3a</b><br>Test class: plexus.reg.DrawsandGWP_3a</td>
<td></td>
<td>48</td>
<td>plexus.reg.DrawsandGWP_3a@4883b407</td></tr>
<tr>
<td title='plexus.reg.DrawsandGWP_4.DrawsandGWP4()'><b>DrawsandGWP4</b><br>Test class: plexus.reg.DrawsandGWP_4</td>
<td></td>
<td>70</td>
<td>plexus.reg.DrawsandGWP_4@6a4f787b</td></tr>
<tr>
<td title='plexus.reg.DrawsandGWP_5.DrawsandGWP5()'><b>DrawsandGWP5</b><br>Test class: plexus.reg.DrawsandGWP_5</td>
<td></td>
<td>68</td>
<td>plexus.reg.DrawsandGWP_5@7cd62f43</td></tr>
<tr>
<td title='plexus.reg.RegTest_12.RegTest12()'><b>RegTest12</b><br>Test class: plexus.reg.RegTest_12</td>
<td></td>
<td>60</td>
<td>plexus.reg.RegTest_12@42e26948</td></tr>
<tr>
<td title='plexus.reg.RegTest_13.RegTest13()'><b>RegTest13</b><br>Test class: plexus.reg.RegTest_13</td>
<td></td>
<td>86</td>
<td>plexus.reg.RegTest_13@7d9d1a19</td></tr>
<tr>
<td title='plexus.reg.RegTest_14.RegTest14()'><b>RegTest14</b><br>Test class: plexus.reg.RegTest_14</td>
<td></td>
<td>57</td>
<td>plexus.reg.RegTest_14@5622fdf</td></tr>
<tr>
<td title='plexus.reg.RegTest_15.RegTest15()'><b>RegTest15</b><br>Test class: plexus.reg.RegTest_15</td>
<td></td>
<td>58</td>
<td>plexus.reg.RegTest_15@39c0f4a</td></tr>
<tr>
<td title='plexus.reg.RegTest_2.RegTest2()'><b>RegTest2</b><br>Test class: plexus.reg.RegTest_2</td>
<td></td>
<td>42</td>
<td>plexus.reg.RegTest_2@6a41eaa2</td></tr>
<tr>
<td title='plexus.reg.RegTest_3.RegTest3()'><b>RegTest3</b><br>Test class: plexus.reg.RegTest_3</td>
<td></td>
<td>66</td>
<td>plexus.reg.RegTest_3@685cb137</td></tr>
<tr>
<td title='plexus.reg.RegTest_5.RegTest5()'><b>RegTest5</b><br>Test class: plexus.reg.RegTest_5</td>
<td></td>
<td>82</td>
<td>plexus.reg.RegTest_5@6d4b1c02</td></tr>
<tr>
<td title='plexus.reg.RegTest_5_1.RegTest5()'><b>RegTest5</b><br>Test class: plexus.reg.RegTest_5_1</td>
<td></td>
<td>55</td>
<td>plexus.reg.RegTest_5_1@6093dd95</td></tr>
<tr>
<td title='plexus.reg.RegTest_6.RegTest6()'><b>RegTest6</b><br>Test class: plexus.reg.RegTest_6</td>
<td></td>
<td>70</td>
<td>plexus.reg.RegTest_6@3bfdc050</td></tr>
<tr>
<td title='plexus.reg.RegTest_8.RegTest8()'><b>RegTest8</b><br>Test class: plexus.reg.RegTest_8</td>
<td></td>
<td>34</td>
<td>plexus.reg.RegTest_8@604ed9f0</td></tr>
<tr>
<td title='plexus.reg.RegTest_9.RegTest9()'><b>RegTest9</b><br>Test class: plexus.reg.RegTest_9</td>
<td></td>
<td>39</td>
<td>plexus.reg.RegTest_9@5e3a8624</td></tr>
</table><p>
</body>
</html>